<?xml version="1.0" encoding="UTF-8"?>
<testsuite xmlns:xsi="http://www.w3.org/2001/XMLSchema-instance" xsi:noNamespaceSchemaLocation="https://maven.apache.org/surefire/maven-surefire-plugin/xsd/surefire-test-report.xsd" version="3.0.2" name="StepDefinition.TestRunner" time="375.612" tests="6" errors="1" skipped="0" failures="0">
  <properties>
[...]
</properties>
  <testcase name="Complete shopping journey with login" classname="End-to-End BStackDemo Shopping Flow" time="75.811">
    <error message="no such element: Unable to locate element: {&quot;method&quot;:&quot;xpath&quot;,&quot;selector&quot;:&quot;//button[text()=&apos;Continue Shopping Â»&apos;]&quot;}&#10;  (Session info: chrome=140.0.7339.80)&#10;For documentation on this error, please visit: https://www.selenium.dev/documentation/webdriver/troubleshooting/errors#no-such-element-exception&#10;Build info: version: &apos;4.22.0&apos;, revision: &apos;c5f3146703*&apos;&#10;System info: os.name: &apos;Windows 11&apos;, os.arch: &apos;amd64&apos;, os.version: &apos;10.0&apos;, java.version: &apos;17.0.12&apos;&#10;Driver info: org.openqa.selenium.chrome.ChromeDriver&#10;Command: [28bccf373002729275881435361b78b0, findElement {using=xpath, value=//button[text()=&apos;Continue Shopping Â»&apos;]}]&#10;Capabilities {acceptInsecureCerts: false, browserName: chrome, browserVersion: 140.0.7339.80, chrome: {chromedriverVersion: 140.0.7339.80 (670b6f192f46..., userDataDir: C:\Users\kumma\AppData\Loca...}, fedcm:accounts: true, goog:chromeOptions: {debuggerAddress: localhost:65495}, networkConnectionEnabled: false, pageLoadStrategy: normal, platformName: windows, proxy: Proxy(), se:cdp: ws://localhost:65495/devtoo..., se:cdpVersion: 140.0.7339.80, setWindowRect: true, strictFileInteractability: false, timeouts: {implicit: 0, pageLoad: 300000, script: 30000}, unhandledPromptBehavior: dismiss and notify, webauthn:extension:credBlob: true, webauthn:extension:largeBlob: true, webauthn:extension:minPinLength: true, webauthn:extension:prf: true, webauthn:virtualAuthenticators: true}&#10;Session ID: 28bccf373002729275881435361b78b0" type="org.openqa.selenium.NoSuchElementException"><![CDATA[org.openqa.selenium.NoSuchElementException: 
no such element: Unable to locate element: {"method":"xpath","selector":"//button[text()='Continue Shopping Â»']"}
  (Session info: chrome=140.0.7339.80)
For documentation on this error, please visit: https://www.selenium.dev/documentation/webdriver/troubleshooting/errors#no-such-element-exception
Build info: version: '4.22.0', revision: 'c5f3146703*'
System info: os.name: 'Windows 11', os.arch: 'amd64', os.version: '10.0', java.version: '17.0.12'
Driver info: org.openqa.selenium.chrome.ChromeDriver
Command: [28bccf373002729275881435361b78b0, findElement {using=xpath, value=//button[text()='Continue Shopping Â»']}]
Capabilities {acceptInsecureCerts: false, browserName: chrome, browserVersion: 140.0.7339.80, chrome: {chromedriverVersion: 140.0.7339.80 (670b6f192f46..., userDataDir: C:\Users\kumma\AppData\Loca...}, fedcm:accounts: true, goog:chromeOptions: {debuggerAddress: localhost:65495}, networkConnectionEnabled: false, pageLoadStrategy: normal, platformName: windows, proxy: Proxy(), se:cdp: ws://localhost:65495/devtoo..., se:cdpVersion: 140.0.7339.80, setWindowRect: true, strictFileInteractability: false, timeouts: {implicit: 0, pageLoad: 300000, script: 30000}, unhandledPromptBehavior: dismiss and notify, webauthn:extension:credBlob: true, webauthn:extension:largeBlob: true, webauthn:extension:minPinLength: true, webauthn:extension:prf: true, webauthn:virtualAuthenticators: true}
Session ID: 28bccf373002729275881435361b78b0
	at java.base/jdk.internal.reflect.NativeConstructorAccessorImpl.newInstance0(Native Method)
	at java.base/jdk.internal.reflect.NativeConstructorAccessorImpl.newInstance(NativeConstructorAccessorImpl.java:77)
	at java.base/jdk.internal.reflect.DelegatingConstructorAccessorImpl.newInstance(DelegatingConstructorAccessorImpl.java:45)
	at java.base/java.lang.reflect.Constructor.newInstanceWithCaller(Constructor.java:499)
	at java.base/java.lang.reflect.Constructor.newInstance(Constructor.java:480)
	at org.openqa.selenium.remote.ErrorCodec.decode(ErrorCodec.java:167)
	at org.openqa.selenium.remote.codec.w3c.W3CHttpResponseCodec.decode(W3CHttpResponseCodec.java:138)
	at org.openqa.selenium.remote.codec.w3c.W3CHttpResponseCodec.decode(W3CHttpResponseCodec.java:50)
	at org.openqa.selenium.remote.HttpCommandExecutor.execute(HttpCommandExecutor.java:190)
	at org.openqa.selenium.remote.service.DriverCommandExecutor.invokeExecute(DriverCommandExecutor.java:216)
	at org.openqa.selenium.remote.service.DriverCommandExecutor.execute(DriverCommandExecutor.java:174)
	at org.openqa.selenium.remote.RemoteWebDriver.execute(RemoteWebDriver.java:518)
	at org.openqa.selenium.remote.ElementLocation$ElementFinder$2.findElement(ElementLocation.java:165)
	at org.openqa.selenium.remote.ElementLocation.findElement(ElementLocation.java:59)
	at org.openqa.selenium.remote.RemoteWebDriver.findElement(RemoteWebDriver.java:355)
	at org.openqa.selenium.remote.RemoteWebDriver.findElement(RemoteWebDriver.java:349)
	at StepDefinition.PageClass.clickContinue(PageClass.java:161)
	at StepDefinition.BStackDemo.user_clicks_continue_shopping(BStackDemo.java:109)
	at ✽.User clicks Continue shopping(file:///C:/wipro%20selenium/Capstone_project/src/test/resources/features/1Loginnormaluser.feature:21)
]]></error>
    <system-out><![CDATA[
&amp#27;[1mScenario Outline:&amp#27;[22m Complete shopping journey with login                                                                              &amp#27;[90m# file:///C:/wipro%20selenium/Capstone_project/src/test/resources/features/1Loginnormaluser.feature:26&amp#27;[39m
  &amp#27;[32mâœ”&amp#27;[39m &amp#27;[32m&amp#27;[1mGiven &amp#27;[22mUser launches browser&amp#27;[39m                                                                                                     &amp#27;[90m# StepDefinition.BStackDemo.user_launches_browser()&amp#27;[39m
  &amp#27;[32mâœ”&amp#27;[39m &amp#27;[32m&amp#27;[1mWhen &amp#27;[22mUser navigates to BStackDemo site&amp#27;[39m                                                                                          &amp#27;[90m# StepDefinition.BStackDemo.user_navigates_to_site()&amp#27;[39m
  &amp#27;[32mâœ”&amp#27;[39m &amp#27;[32m&amp#27;[1mAnd &amp#27;[22mUser logs in with valid credentials&amp#27;[39m                                                                                         &amp#27;[90m# StepDefinition.BStackDemo.user_logs_in_with_valid_credentials()&amp#27;[39m
Login successful using valid credentials
  &amp#27;[32mâœ”&amp#27;[39m &amp#27;[32m&amp#27;[1mAnd &amp#27;[22mUser should be logged in successfully&amp#27;[39m                                                                                       &amp#27;[90m# StepDefinition.BStackDemo.user_should_be_logged_in_successfully()&amp#27;[39m
  &amp#27;[32mâœ”&amp#27;[39m &amp#27;[32m&amp#27;[1mAnd &amp#27;[22mUser searches and adds first product to cart&amp#27;[39m                                                                                &amp#27;[90m# StepDefinition.BStackDemo.user_searches_and_adds_first_product_to_cart()&amp#27;[39m
Product successfully added to cart, deleted from cart and then again added to cart
  &amp#27;[32mâœ”&amp#27;[39m &amp#27;[32m&amp#27;[1mAnd &amp#27;[22mProduct should be visible in cart&amp#27;[39m                                                                                           &amp#27;[90m# StepDefinition.BStackDemo.product_should_be_visible_in_cart()&amp#27;[39m
  &amp#27;[32mâœ”&amp#27;[39m &amp#27;[32m&amp#27;[1mAnd &amp#27;[22mUser proceeds to checkout&amp#27;[39m                                                                                                   &amp#27;[90m# StepDefinition.BStackDemo.user_proceeds_to_checkout()&amp#27;[39m
Checkout page is displayed
  &amp#27;[32mâœ”&amp#27;[39m &amp#27;[32m&amp#27;[1mAnd &amp#27;[22mCheckout page should be displayed&amp#27;[39m                                                                                           &amp#27;[90m# StepDefinition.BStackDemo.checkout_page_should_be_displayed()&amp#27;[39m
  &amp#27;[32mâœ”&amp#27;[39m &amp#27;[32m&amp#27;[1mAnd &amp#27;[22mUser enters shipping details with firstname "&amp#27;[1mAkshay&amp#27;[22m", lastname "&amp#27;[1mAlladi&amp#27;[22m", address "&amp#27;[1mGajwel&amp#27;[22m", state "&amp#27;[1mTS&amp#27;[22m", and pincode "&amp#27;[1m502278&amp#27;[22m"&amp#27;[39m &amp#27;[90m# StepDefinition.BStackDemo.user_enters_shipping_details(java.lang.String,java.lang.String,java.lang.String,java.lang.String,java.lang.String)&amp#27;[39m
Shipping address saved
  &amp#27;[32mâœ”&amp#27;[39m &amp#27;[32m&amp#27;[1mAnd &amp#27;[22mShipping address should be saved&amp#27;[39m                                                                                            &amp#27;[90m# StepDefinition.BStackDemo.shipping_address_should_be_saved()&amp#27;[39m
  &amp#27;[32mâœ”&amp#27;[39m &amp#27;[32m&amp#27;[1mAnd &amp#27;[22mUser downloads order receipt&amp#27;[39m                                                                                                &amp#27;[90m# StepDefinition.BStackDemo.user_downloads_order_receipt()&amp#27;[39m
Order receipt downloaded
  &amp#27;[32mâœ”&amp#27;[39m &amp#27;[32m&amp#27;[1mAnd &amp#27;[22mOrder receipt should be downloaded&amp#27;[39m                                                                                          &amp#27;[90m# StepDefinition.BStackDemo.order_receipt_should_be_downloaded()&amp#27;[39m
  &amp#27;[31mâœ˜&amp#27;[39m &amp#27;[31m&amp#27;[1mAnd &amp#27;[22mUser clicks Continue shopping&amp#27;[39m                                                                                               &amp#27;[90m# StepDefinition.BStackDemo.user_clicks_continue_shopping()&amp#27;[39m
        &amp#27;[31morg.openqa.selenium.NoSuchElementException: no such element: Unable to locate element: {"method":"xpath","selector":"//button[text()='Continue Shopping Ã‚Â»']"}&amp#27;[39m
        &amp#27;[31m  (Session info: chrome=140.0.7339.80)&amp#27;[39m
        &amp#27;[31mFor documentation on this error, please visit: https://www.selenium.dev/documentation/webdriver/troubleshooting/errors#no-such-element-exception&amp#27;[39m
        &amp#27;[31mBuild info: version: '4.22.0', revision: 'c5f3146703*'&amp#27;[39m
        &amp#27;[31mSystem info: os.name: 'Windows 11', os.arch: 'amd64', os.version: '10.0', java.version: '17.0.12'&amp#27;[39m
        &amp#27;[31mDriver info: org.openqa.selenium.chrome.ChromeDriver&amp#27;[39m
        &amp#27;[31mCommand: [28bccf373002729275881435361b78b0, findElement {using=xpath, value=//button[text()='Continue Shopping Ã‚Â»']}]&amp#27;[39m
        &amp#27;[31mCapabilities {acceptInsecureCerts: false, browserName: chrome, browserVersion: 140.0.7339.80, chrome: {chromedriverVersion: 140.0.7339.80 (670b6f192f46..., userDataDir: C:\Users\kumma\AppData\Loca...}, fedcm:accounts: true, goog:chromeOptions: {debuggerAddress: localhost:65495}, networkConnectionEnabled: false, pageLoadStrategy: normal, platformName: windows, proxy: Proxy(), se:cdp: ws://localhost:65495/devtoo..., se:cdpVersion: 140.0.7339.80, setWindowRect: true, strictFileInteractability: false, timeouts: {implicit: 0, pageLoad: 300000, script: 30000}, unhandledPromptBehavior: dismiss and notify, webauthn:extension:credBlob: true, webauthn:extension:largeBlob: true, webauthn:extension:minPinLength: true, webauthn:extension:prf: true, webauthn:virtualAuthenticators: true}&amp#27;[39m
        &amp#27;[31mSession ID: 28bccf373002729275881435361b78b0&amp#27;[39m
        &amp#27;[31m	at java.base/jdk.internal.reflect.NativeConstructorAccessorImpl.newInstance0(Native Method)&amp#27;[39m
        &amp#27;[31m	at java.base/jdk.internal.reflect.NativeConstructorAccessorImpl.newInstance(NativeConstructorAccessorImpl.java:77)&amp#27;[39m
        &amp#27;[31m	at java.base/jdk.internal.reflect.DelegatingConstructorAccessorImpl.newInstance(DelegatingConstructorAccessorImpl.java:45)&amp#27;[39m
        &amp#27;[31m	at java.base/java.lang.reflect.Constructor.newInstanceWithCaller(Constructor.java:499)&amp#27;[39m
        &amp#27;[31m	at java.base/java.lang.reflect.Constructor.newInstance(Constructor.java:480)&amp#27;[39m
        &amp#27;[31m	at org.openqa.selenium.remote.ErrorCodec.decode(ErrorCodec.java:167)&amp#27;[39m
        &amp#27;[31m	at org.openqa.selenium.remote.codec.w3c.W3CHttpResponseCodec.decode(W3CHttpResponseCodec.java:138)&amp#27;[39m
        &amp#27;[31m	at org.openqa.selenium.remote.codec.w3c.W3CHttpResponseCodec.decode(W3CHttpResponseCodec.java:50)&amp#27;[39m
        &amp#27;[31m	at org.openqa.selenium.remote.HttpCommandExecutor.execute(HttpCommandExecutor.java:190)&amp#27;[39m
        &amp#27;[31m	at org.openqa.selenium.remote.service.DriverCommandExecutor.invokeExecute(DriverCommandExecutor.java:216)&amp#27;[39m
        &amp#27;[31m	at org.openqa.selenium.remote.service.DriverCommandExecutor.execute(DriverCommandExecutor.java:174)&amp#27;[39m
        &amp#27;[31m	at org.openqa.selenium.remote.RemoteWebDriver.execute(RemoteWebDriver.java:518)&amp#27;[39m
        &amp#27;[31m	at org.openqa.selenium.remote.ElementLocation$ElementFinder$2.findElement(ElementLocation.java:165)&amp#27;[39m
        &amp#27;[31m	at org.openqa.selenium.remote.ElementLocation.findElement(ElementLocation.java:59)&amp#27;[39m
        &amp#27;[31m	at org.openqa.selenium.remote.RemoteWebDriver.findElement(RemoteWebDriver.java:355)&amp#27;[39m
        &amp#27;[31m	at org.openqa.selenium.remote.RemoteWebDriver.findElement(RemoteWebDriver.java:349)&amp#27;[39m
        &amp#27;[31m	at StepDefinition.PageClass.clickContinue(PageClass.java:161)&amp#27;[39m
        &amp#27;[31m	at StepDefinition.BStackDemo.user_clicks_continue_shopping(BStackDemo.java:109)&amp#27;[39m
        &amp#27;[31m	at âœ½.User clicks Continue shopping(file:///C:/wipro%20selenium/Capstone_project/src/test/resources/features/1Loginnormaluser.feature:21)&amp#27;[39m
  &amp#27;[36mâ†·&amp#27;[39m &amp#27;[36m&amp#27;[1mThen &amp#27;[22mUser should be redirected to shopping home page&amp#27;[39m                                                                            &amp#27;[90m# StepDefinition.BStackDemo.user_should_be_redirected_to_shopping_home_page()&amp#27;[39m
]]></system-out>
    <system-err><![CDATA[Sep 06, 2025 10:51:12 AM org.openqa.selenium.devtools.CdpVersionFinder findNearestMatch
WARNING: Unable to find CDP implementation matching 140
Sep 06, 2025 10:51:12 AM org.openqa.selenium.chromium.ChromiumDriver lambda$new$5
WARNING: Unable to find version of CDP to use for 140.0.7339.80. You may need to include a dependency on a specific version of the CDP using something similar to `org.seleniumhq.selenium:selenium-devtools-v86:4.22.0` where the version ("v86") matches the version of the chromium-based browser you're using and the version number of the artifact is the same as Selenium's.
]]></system-err>
  </testcase>
  <testcase name="Complete shopping journey for demouser" classname="Shopping flow for demouser" time="98.424">
    <system-out><![CDATA[
&amp#27;[1mScenario:&amp#27;[22m Complete shopping journey for demouser &amp#27;[90m# file:///C:/wipro%20selenium/Capstone_project/src/test/resources/features/2demousershopping.feature:4&amp#27;[39m
  &amp#27;[32mâœ”&amp#27;[39m &amp#27;[32m&amp#27;[1mGiven &amp#27;[22mUser launches the browser&amp#27;[39m              &amp#27;[90m# StepDefinition.DemouserSteps.user_launches_the_browser()&amp#27;[39m
  &amp#27;[32mâœ”&amp#27;[39m &amp#27;[32m&amp#27;[1mWhen &amp#27;[22mUser navigates to BStackDemo website&amp#27;[39m    &amp#27;[90m# StepDefinition.DemouserSteps.user_navigates_to_bstackdemo_website()&amp#27;[39m
  &amp#27;[32mâœ”&amp#27;[39m &amp#27;[32m&amp#27;[1mAnd &amp#27;[22mUser logs in with demouser&amp#27;[39m               &amp#27;[90m# StepDefinition.DemouserSteps.user_logs_in_with_demouser()&amp#27;[39m
  &amp#27;[32mâœ”&amp#27;[39m &amp#27;[32m&amp#27;[1mAnd &amp#27;[22mUser performs shopping flow with brands:&amp#27;[39m &amp#27;[90m# StepDefinition.DemouserSteps.user_performs_shopping_flow_with_brands()&amp#27;[39m
  &amp#27;[32mâœ”&amp#27;[39m &amp#27;[32m&amp#27;[1mAnd &amp#27;[22mUser searches for &amp#27;[1m"iPhone"&amp#27;[22m&amp#27;[39m               &amp#27;[90m# StepDefinition.DemouserSteps.user_searches_for(java.lang.String)&amp#27;[39m
  &amp#27;[32mâœ”&amp#27;[39m &amp#27;[32m&amp#27;[1mAnd &amp#27;[22mApply Low to High filter&amp#27;[39m                 &amp#27;[90m# StepDefinition.DemouserSteps.apply_low_to_high_filter()&amp#27;[39m
  &amp#27;[32mâœ”&amp#27;[39m &amp#27;[32m&amp#27;[1mAnd &amp#27;[22mApply High to Low filter&amp#27;[39m                 &amp#27;[90m# StepDefinition.DemouserSteps.apply_high_to_low_filter()&amp#27;[39m
  &amp#27;[32mâœ”&amp#27;[39m &amp#27;[32m&amp#27;[1mAnd &amp#27;[22mUser clicks Privacy Policy Read More&amp#27;[39m     &amp#27;[90m# StepDefinition.DemouserSteps.user_clicks_privacy_policy_read_more()&amp#27;[39m
Privacy Policy Readmore button is clickable
  &amp#27;[32mâœ”&amp#27;[39m &amp#27;[32m&amp#27;[1mAnd &amp#27;[22mPrivacy Policy page should open&amp#27;[39m          &amp#27;[90m# StepDefinition.DemouserSteps.privacy_policy_page_should_open()&amp#27;[39m
  &amp#27;[32mâœ”&amp#27;[39m &amp#27;[32m&amp#27;[1mAnd &amp#27;[22mUser clicks Offers page&amp#27;[39m                  &amp#27;[90m# StepDefinition.DemouserSteps.user_clicks_offers_page()&amp#27;[39m
âœ… Offers page validated successfully
  &amp#27;[32mâœ”&amp#27;[39m &amp#27;[32m&amp#27;[1mAnd &amp#27;[22mOffers message should be validated&amp#27;[39m       &amp#27;[90m# StepDefinition.DemouserSteps.offers_message_should_be_validated()&amp#27;[39m
  &amp#27;[32mâœ”&amp#27;[39m &amp#27;[32m&amp#27;[1mThen &amp#27;[22mUser logs out&amp#27;[39m                           &amp#27;[90m# StepDefinition.DemouserSteps.user_logs_out()&amp#27;[39m
]]></system-out>
    <system-err><![CDATA[Sep 06, 2025 10:52:26 AM org.openqa.selenium.devtools.CdpVersionFinder findNearestMatch
WARNING: Unable to find CDP implementation matching 140
Sep 06, 2025 10:52:26 AM org.openqa.selenium.chromium.ChromiumDriver lambda$new$5
WARNING: Unable to find version of CDP to use for 140.0.7339.80. You may need to include a dependency on a specific version of the CDP using something similar to `org.seleniumhq.selenium:selenium-devtools-v86:4.22.0` where the version ("v86") matches the version of the chromium-based browser you're using and the version number of the artifact is the same as Selenium's.
]]></system-err>
  </testcase>
  <testcase name="Validate login for image_not_loading_user" classname="Image Not Loading User Validation" time="51.33">
    <system-out><![CDATA[
&amp#27;[1mScenario:&amp#27;[22m Validate login for image_not_loading_user &amp#27;[90m# file:///C:/wipro%20selenium/Capstone_project/src/test/resources/features/3ImagenotloadingUser.feature:3&amp#27;[39m
  &amp#27;[32mâœ”&amp#27;[39m &amp#27;[32m&amp#27;[1mGiven &amp#27;[22mUser launches Browser&amp#27;[39m                     &amp#27;[90m# StepDefinition.ImageUserSteps.user_launches_Browser()&amp#27;[39m
  &amp#27;[32mâœ”&amp#27;[39m &amp#27;[32m&amp#27;[1mWhen &amp#27;[22mUser navigates to BStackDemo Website&amp#27;[39m       &amp#27;[90m# StepDefinition.ImageUserSteps.user_navigates_to_Website()&amp#27;[39m
  &amp#27;[32mâœ”&amp#27;[39m &amp#27;[32m&amp#27;[1mAnd &amp#27;[22mUser logs in with image_not_loading_user&amp#27;[39m    &amp#27;[90m# StepDefinition.ImageUserSteps.user_logs_in_with_image_not_loading_user()&amp#27;[39m
âœ… image_not_loading_user logged in successfully.
  &amp#27;[32mâœ”&amp#27;[39m &amp#27;[32m&amp#27;[1mAnd &amp#27;[22mValidate that user logged in successfully&amp#27;[39m   &amp#27;[90m# StepDefinition.ImageUserSteps.validate_login_success()&amp#27;[39m
  &amp#27;[32mâœ”&amp#27;[39m &amp#27;[32m&amp#27;[1mThen &amp#27;[22mUser will log out&amp#27;[39m                          &amp#27;[90m# StepDefinition.ImageUserSteps.user_will_log_out()&amp#27;[39m
]]></system-out>
    <system-err><![CDATA[Sep 06, 2025 10:54:05 AM org.openqa.selenium.devtools.CdpVersionFinder findNearestMatch
WARNING: Unable to find CDP implementation matching 140
Sep 06, 2025 10:54:05 AM org.openqa.selenium.chromium.ChromiumDriver lambda$new$5
WARNING: Unable to find version of CDP to use for 140.0.7339.80. You may need to include a dependency on a specific version of the CDP using something similar to `org.seleniumhq.selenium:selenium-devtools-v86:4.22.0` where the version ("v86") matches the version of the chromium-based browser you're using and the version number of the artifact is the same as Selenium's.
]]></system-err>
  </testcase>
  <testcase name="Validate favourites for fav_user" classname="Favourites User Validation" time="55.571">
    <system-out><![CDATA[
&amp#27;[1mScenario:&amp#27;[22m Validate favourites for fav_user     &amp#27;[90m# file:///C:/wipro%20selenium/Capstone_project/src/test/resources/features/4FavUserlogin.feature:3&amp#27;[39m
  &amp#27;[32mâœ”&amp#27;[39m &amp#27;[32m&amp#27;[1mGiven &amp#27;[22mUser launches the Browser&amp#27;[39m            &amp#27;[90m# StepDefinition.FavUserSteps.user_launches_the_Browser()&amp#27;[39m
  &amp#27;[32mâœ”&amp#27;[39m &amp#27;[32m&amp#27;[1mWhen &amp#27;[22mUser navigates to the BStackDemo site&amp#27;[39m &amp#27;[90m# StepDefinition.FavUserSteps.user_navigates_to_the_BStackDemo_site()&amp#27;[39m
  &amp#27;[32mâœ”&amp#27;[39m &amp#27;[32m&amp#27;[1mAnd &amp#27;[22mUser logs in with fav_user&amp#27;[39m             &amp#27;[90m# StepDefinition.FavUserSteps.user_logs_in_with_fav_user()&amp#27;[39m
âœ… Favourites checked for fav_user.
  &amp#27;[32mâœ”&amp#27;[39m &amp#27;[32m&amp#27;[1mAnd &amp#27;[22mOpen Favourites and see items&amp#27;[39m          &amp#27;[90m# StepDefinition.FavUserSteps.Open_Favourites_and_see_items()&amp#27;[39m
  &amp#27;[32mâœ”&amp#27;[39m &amp#27;[32m&amp#27;[1mThen &amp#27;[22mUser logs out of site&amp#27;[39m                 &amp#27;[90m# StepDefinition.FavUserSteps.user_logs_out_of_site()&amp#27;[39m
]]></system-out>
    <system-err><![CDATA[Sep 06, 2025 10:54:56 AM org.openqa.selenium.devtools.CdpVersionFinder findNearestMatch
WARNING: Unable to find CDP implementation matching 140
Sep 06, 2025 10:54:56 AM org.openqa.selenium.chromium.ChromiumDriver lambda$new$5
WARNING: Unable to find version of CDP to use for 140.0.7339.80. You may need to include a dependency on a specific version of the CDP using something similar to `org.seleniumhq.selenium:selenium-devtools-v86:4.22.0` where the version ("v86") matches the version of the chromium-based browser you're using and the version number of the artifact is the same as Selenium's.
]]></system-err>
  </testcase>
  <testcase name="Validate existing orders for existing_orders_user" classname="Existing Orders User Validation" time="51.705">
    <system-out><![CDATA[
&amp#27;[1mScenario:&amp#27;[22m Validate existing orders for existing_orders_user &amp#27;[90m# file:///C:/wipro%20selenium/Capstone_project/src/test/resources/features/5ordereduserscart.feature:3&amp#27;[39m
  &amp#27;[32mâœ”&amp#27;[39m &amp#27;[32m&amp#27;[1mGiven &amp#27;[22mUser launches their browser&amp#27;[39m                       &amp#27;[90m# StepDefinition.ExistingOrdersUserSteps.user_launches_their_browser()&amp#27;[39m
  &amp#27;[32mâœ”&amp#27;[39m &amp#27;[32m&amp#27;[1mWhen &amp#27;[22mUser navigates to the BStackDemo Website&amp#27;[39m           &amp#27;[90m# StepDefinition.ExistingOrdersUserSteps.user_navigates_to_the_BStackDemo_Website()&amp#27;[39m
  &amp#27;[32mâœ”&amp#27;[39m &amp#27;[32m&amp#27;[1mAnd &amp#27;[22mUser logs in with existing_orders_user&amp#27;[39m              &amp#27;[90m# StepDefinition.ExistingOrdersUserSteps.user_logs_in_with_existing_user()&amp#27;[39m
âœ… Orders are present for existing_orders_user.
  &amp#27;[32mâœ”&amp#27;[39m &amp#27;[32m&amp#27;[1mAnd &amp#27;[22mOpen Orders and sees&amp#27;[39m                                &amp#27;[90m# StepDefinition.ExistingOrdersUserSteps.Open_Orders_and_sees()&amp#27;[39m
  &amp#27;[32mâœ”&amp#27;[39m &amp#27;[32m&amp#27;[1mThen &amp#27;[22mUser logs out of the site&amp#27;[39m                          &amp#27;[90m# StepDefinition.ExistingOrdersUserSteps.user_logs_out_of_the_site()&amp#27;[39m
]]></system-out>
    <system-err><![CDATA[Sep 06, 2025 10:55:52 AM org.openqa.selenium.devtools.CdpVersionFinder findNearestMatch
WARNING: Unable to find CDP implementation matching 140
Sep 06, 2025 10:55:52 AM org.openqa.selenium.chromium.ChromiumDriver lambda$new$5
WARNING: Unable to find version of CDP to use for 140.0.7339.80. You may need to include a dependency on a specific version of the CDP using something similar to `org.seleniumhq.selenium:selenium-devtools-v86:4.22.0` where the version ("v86") matches the version of the chromium-based browser you're using and the version number of the artifact is the same as Selenium's.
]]></system-err>
  </testcase>
  <testcase name="Validate locked account message" classname="Locked User Validation" time="41.938">
    <system-out><![CDATA[
&amp#27;[1mScenario:&amp#27;[22m Validate locked account message      &amp#27;[90m# file:///C:/wipro%20selenium/Capstone_project/src/test/resources/features/6LockedaccUser.feature:3&amp#27;[39m
  &amp#27;[32mâœ”&amp#27;[39m &amp#27;[32m&amp#27;[1mGiven &amp#27;[22mUser launches their Browser&amp#27;[39m          &amp#27;[90m# StepDefinition.LockedUserSteps.user_launches_their_Browser()&amp#27;[39m
  &amp#27;[32mâœ”&amp#27;[39m &amp#27;[32m&amp#27;[1mWhen &amp#27;[22mUser navigates to the BStackDEMO site&amp#27;[39m &amp#27;[90m# StepDefinition.LockedUserSteps.user_navigates_to_the_BStackDEMO_site()&amp#27;[39m
  &amp#27;[32mâœ”&amp#27;[39m &amp#27;[32m&amp#27;[1mAnd &amp#27;[22mUser logs in with locked_user&amp#27;[39m          &amp#27;[90m# StepDefinition.LockedUserSteps.user_logs_in_with_locked_user()&amp#27;[39m
âœ… Locked user message validated.
  &amp#27;[32mâœ”&amp#27;[39m &amp#27;[32m&amp#27;[1mThen &amp#27;[22mValidate locked account message&amp#27;[39m       &amp#27;[90m# StepDefinition.LockedUserSteps.validate_locked_message()&amp#27;[39m
]]></system-out>
    <system-err><![CDATA[Sep 06, 2025 10:56:43 AM org.openqa.selenium.devtools.CdpVersionFinder findNearestMatch
WARNING: Unable to find CDP implementation matching 140
Sep 06, 2025 10:56:43 AM org.openqa.selenium.chromium.ChromiumDriver lambda$new$5
WARNING: Unable to find version of CDP to use for 140.0.7339.80. You may need to include a dependency on a specific version of the CDP using something similar to `org.seleniumhq.selenium:selenium-devtools-v86:4.22.0` where the version ("v86") matches the version of the chromium-based browser you're using and the version number of the artifact is the same as Selenium's.
]]></system-err>
  </testcase>
</testsuite>